<?xml version="1.0" encoding="UTF-8"?>
<!-- Generated by org.testng.reporters.JUnitXMLReporter -->
<testsuite hostname="gurkan" ignored="10" name="Critical Functionalities" tests="4" failures="0" timestamp="2023-06-12T17:45:26 CDT" time="23.081" errors="0">
  <testcase name="validateSearchBar" time="0.14" classname="scripts._01_GoogleTest"/>
  <testcase name="validateAllParagraphs" time="0.228" classname="scripts._03_TGLocatorsTest"/>
  <testcase name="validateFacebookLoginForm" time="0.704" classname="scripts._05_FacebookTest"/>
  <testcase name="validateWikiSearch1" time="0.98" classname="scripts._06_WikiTest"/>
  <testcase name="validateKiwiParagraph" time="0.0" classname="scripts._03_TGLocatorsTest">
    <ignored/>
  </testcase> <!-- validateKiwiParagraph -->
  <testcase name="validateWikiSearch2" time="0.0" classname="scripts._06_WikiTest">
    <ignored/>
  </testcase> <!-- validateWikiSearch2 -->
  <testcase name="validateOrangeParagraph" time="0.0" classname="scripts._03_TGLocatorsTest">
    <ignored/>
  </testcase> <!-- validateOrangeParagraph -->
  <testcase name="validateSearchButton" time="0.0" classname="scripts._01_GoogleTest">
    <ignored/>
  </testcase> <!-- validateSearchButton -->
  <testcase name="validateTitleAndURL" time="0.0" classname="scripts._01_GoogleTest">
    <ignored/>
  </testcase> <!-- validateTitleAndURL -->
  <testcase name="validateRedAppleLink" time="0.0" classname="scripts._03_TGLocatorsTest">
    <ignored/>
  </testcase> <!-- validateRedAppleLink -->
  <testcase name="validateAllLinks" time="0.0" classname="scripts._03_TGLocatorsTest">
    <ignored/>
  </testcase> <!-- validateAllLinks -->
  <testcase name="validateNavigation" time="0.0" classname="scripts._01_GoogleTest">
    <ignored/>
  </testcase> <!-- validateNavigation -->
  <testcase name="validateGrapesParagraph" time="0.0" classname="scripts._03_TGLocatorsTest">
    <ignored/>
  </testcase> <!-- validateGrapesParagraph -->
  <testcase name="validateFacebookInvalidLoginAttempt" time="0.0" classname="scripts._05_FacebookTest">
    <ignored/>
  </testcase> <!-- validateFacebookInvalidLoginAttempt -->
</testsuite> <!-- Critical Functionalities -->
