<?xml version="1.0" encoding="UTF-8"?>
<testng-results skipped="0" failed="0" ignored="10" total="14" passed="4">
  <reporter-output>
  </reporter-output>
  <suite name="Smoke Suite" duration-ms="23081" started-at="2023-06-12T17:45:03 CDT" finished-at="2023-06-12T17:45:26 CDT">
    <groups>
    </groups>
    <test name="Critical Functionalities" duration-ms="23081" started-at="2023-06-12T17:45:03 CDT" finished-at="2023-06-12T17:45:26 CDT">
      <class name="scripts._05_FacebookTest">
        <test-method status="PASS" signature="setUp()[pri:0, instance:scripts._05_FacebookTest@490ab905]" name="setUp" is-config="true" duration-ms="1870" started-at="2023-06-12T17:45:17 CDT" finished-at="2023-06-12T17:45:19 CDT">
          <reporter-output>
          </reporter-output>
        </test-method> <!-- setUp -->
        <test-method status="PASS" signature="setPage()[pri:0, instance:scripts._05_FacebookTest@490ab905]" name="setPage" is-config="true" duration-ms="1080" started-at="2023-06-12T17:45:19 CDT" finished-at="2023-06-12T17:45:20 CDT">
          <reporter-output>
          </reporter-output>
        </test-method> <!-- setPage -->
        <test-method status="PASS" signature="validateFacebookLoginForm()[pri:0, instance:scripts._05_FacebookTest@490ab905]" name="validateFacebookLoginForm" duration-ms="704" started-at="2023-06-12T17:45:20 CDT" finished-at="2023-06-12T17:45:21 CDT">
          <reporter-output>
          </reporter-output>
        </test-method> <!-- validateFacebookLoginForm -->
        <test-method status="PASS" signature="tearDown()[pri:0, instance:scripts._05_FacebookTest@490ab905]" name="tearDown" is-config="true" duration-ms="884" started-at="2023-06-12T17:45:21 CDT" finished-at="2023-06-12T17:45:21 CDT">
          <reporter-output>
          </reporter-output>
        </test-method> <!-- tearDown -->
      </class> <!-- scripts._05_FacebookTest -->
      <class name="scripts._01_GoogleTest">
        <test-method status="PASS" signature="setup()[pri:0, instance:scripts._01_GoogleTest@3f49dace]" name="setup" is-config="true" duration-ms="5442" started-at="2023-06-12T17:45:03 CDT" finished-at="2023-06-12T17:45:09 CDT">
          <reporter-output>
          </reporter-output>
        </test-method> <!-- setup -->
        <test-method status="PASS" signature="validateSearchBar()[pri:2, instance:scripts._01_GoogleTest@3f49dace]" name="validateSearchBar" duration-ms="140" started-at="2023-06-12T17:45:09 CDT" finished-at="2023-06-12T17:45:09 CDT">
          <reporter-output>
          </reporter-output>
        </test-method> <!-- validateSearchBar -->
        <test-method status="PASS" signature="tearDown()[pri:0, instance:scripts._01_GoogleTest@3f49dace]" name="tearDown" is-config="true" duration-ms="3890" started-at="2023-06-12T17:45:09 CDT" finished-at="2023-06-12T17:45:13 CDT">
          <reporter-output>
          </reporter-output>
        </test-method> <!-- tearDown -->
      </class> <!-- scripts._01_GoogleTest -->
      <class name="scripts._06_WikiTest">
        <test-method status="PASS" signature="setUp()[pri:0, instance:scripts._06_WikiTest@56ac3a89]" name="setUp" is-config="true" duration-ms="2055" started-at="2023-06-12T17:45:21 CDT" finished-at="2023-06-12T17:45:24 CDT">
          <reporter-output>
          </reporter-output>
        </test-method> <!-- setUp -->
        <test-method status="PASS" signature="setPage()[pri:0, instance:scripts._06_WikiTest@56ac3a89]" name="setPage" is-config="true" duration-ms="988" started-at="2023-06-12T17:45:24 CDT" finished-at="2023-06-12T17:45:25 CDT">
          <reporter-output>
          </reporter-output>
        </test-method> <!-- setPage -->
        <test-method status="PASS" signature="validateWikiSearch1()[pri:0, instance:scripts._06_WikiTest@56ac3a89]" name="validateWikiSearch1" duration-ms="980" started-at="2023-06-12T17:45:25 CDT" finished-at="2023-06-12T17:45:25 CDT">
          <reporter-output>
          </reporter-output>
        </test-method> <!-- validateWikiSearch1 -->
        <test-method status="PASS" signature="tearDown()[pri:0, instance:scripts._06_WikiTest@56ac3a89]" name="tearDown" is-config="true" duration-ms="866" started-at="2023-06-12T17:45:25 CDT" finished-at="2023-06-12T17:45:26 CDT">
          <reporter-output>
          </reporter-output>
        </test-method> <!-- tearDown -->
      </class> <!-- scripts._06_WikiTest -->
      <class name="scripts._03_TGLocatorsTest">
        <test-method status="PASS" signature="setUp()[pri:0, instance:scripts._03_TGLocatorsTest@1e397ed7]" name="setUp" is-config="true" duration-ms="1970" started-at="2023-06-12T17:45:13 CDT" finished-at="2023-06-12T17:45:15 CDT">
          <reporter-output>
          </reporter-output>
        </test-method> <!-- setUp -->
        <test-method status="PASS" signature="setPage()[pri:0, instance:scripts._03_TGLocatorsTest@1e397ed7]" name="setPage" is-config="true" duration-ms="1163" started-at="2023-06-12T17:45:15 CDT" finished-at="2023-06-12T17:45:16 CDT">
          <reporter-output>
          </reporter-output>
        </test-method> <!-- setPage -->
        <test-method status="PASS" signature="validateAllParagraphs()[pri:4, instance:scripts._03_TGLocatorsTest@1e397ed7]" name="validateAllParagraphs" duration-ms="228" started-at="2023-06-12T17:45:16 CDT" finished-at="2023-06-12T17:45:16 CDT">
          <reporter-output>
          </reporter-output>
        </test-method> <!-- validateAllParagraphs -->
        <test-method status="PASS" signature="tearDown()[pri:0, instance:scripts._03_TGLocatorsTest@1e397ed7]" name="tearDown" is-config="true" duration-ms="764" started-at="2023-06-12T17:45:16 CDT" finished-at="2023-06-12T17:45:17 CDT">
          <reporter-output>
          </reporter-output>
        </test-method> <!-- tearDown -->
      </class> <!-- scripts._03_TGLocatorsTest -->
    </test> <!-- Critical Functionalities -->
  </suite> <!-- Smoke Suite -->
</testng-results>
