<?xml version="1.0" encoding="UTF-8"?>
<testsuite xmlns:xsi="http://www.w3.org/2001/XMLSchema-instance" xsi:schemaLocation="https://maven.apache.org/surefire/maven-surefire-plugin/xsd/surefire-test-report.xsd" name="TestSuite" time="23.886" tests="4" errors="0" skipped="0" failures="0">
  <properties>
[...]
</properties>
  <testcase name="validateSearchBar" classname="scripts._01_GoogleTest" time="0.148"/>
  <testcase name="validateAllParagraphs" classname="scripts._03_TGLocatorsTest" time="0.227"/>
  <testcase name="validateFacebookLoginForm" classname="scripts._05_FacebookTest" time="0.706"/>
  <testcase name="validateWikiSearch1" classname="scripts._06_WikiTest" time="0.98"/>
</testsuite>